[2023-11-13-19:42:50] - [CHEFWARE] Inicializando a aplicação Chefware
[2023-11-13-19:42:52] - [SERVER] Inicializando o servidor Socket
[2023-11-13-19:42:52] - [SERVER] Servidor socket iniciado com sucesso na porta 4000
[2023-11-13-19:42:57] - [CHEFWARE] Instanciando a conexão com o MySQL
[2023-11-13-19:42:57] - [CHEFWARE] Conectado com o banco de dados na url: jdbc:mysql://localhost:3306/chefware
[2023-11-13-19:42:59] - [MEMORIA] Realizando a operação: MEMÓRIA
[2023-11-13-19:42:59] - [MEMORIA] Select de validação na tabela DadosEstaticos
[2023-11-13-19:43:00] - [MEMORIA] Iniciando a validação da existência do dado estático no Banco
[2023-11-13-19:43:00] - [MEMORIA] Validação encerrada: true
[2023-11-13-19:43:00] - [MEMORIA] Inserindo os dados dinamicos no banco de dados
[2023-11-13-19:43:00] - [MEMORIA] Dados dinamicos inseridos com sucesso!
[2023-11-13-19:43:00] - [DISCO] Realizando a operação: DISCO
[2023-11-13-19:43:00] - [DISCO] Select de validação na tabela DadosEstaticos
[2023-11-13-19:43:00] - [DISCO] Iniciando a validação da existência do dado estático no Banco
[2023-11-13-19:43:00] - [DISCO] Inserindo os dados estaticos no banco de dados
[2023-11-13-19:43:00] - [DISCO] Dados estaticos inseridos com sucesso!
[2023-11-13-19:43:00] - [REDE] Realizando a operação: REDE
[2023-11-13-19:43:00] - [REDE] Select de validação na tabela DadosEstaticos
[2023-11-13-19:43:00] - [REDE] Iniciando a validação da existência do dado estático no Banco
[2023-11-13-19:43:00] - [REDE] Dados ja existem no banco
[2023-11-13-19:43:00] - [REDE] Inserindo os dados dinamicos no banco de dados
[2023-11-13-19:43:00] - [REDE] Dados dinamicos inseridos com sucesso!
[2023-11-13-19:43:00] - [CPU] Realizando a operação: CPU
[2023-11-13-19:43:00] - [CPU] Select de validação na tabela DadosEstaticos
[2023-11-13-19:43:00] - [CPU] Iniciando a validação da existência do dado estático no Banco
[2023-11-13-19:43:00] - [CPU] Dados ja existem no banco
[2023-11-13-19:43:00] - [CPU] Inserindo os dados dinamicos no banco de dados
[2023-11-13-19:43:00] - [CPU] Dados dinamicos inseridos com sucesso!
[2023-11-13-19:43:02] - [CHEFWARE] Instanciando a conexão com o MySQL
[2023-11-13-19:43:02] - [CHEFWARE] Conectado com o banco de dados na url: jdbc:mysql://localhost:3306/chefware
[2023-11-13-19:43:04] - [MEMORIA] Realizando a operação: MEMÓRIA
[2023-11-13-19:43:04] - [MEMORIA] Select de validação na tabela DadosEstaticos
[2023-11-13-19:43:04] - [MEMORIA] Iniciando a validação da existência do dado estático no Banco
[2023-11-13-19:43:04] - [MEMORIA] Validação encerrada: true
[2023-11-13-19:43:04] - [MEMORIA] Inserindo os dados dinamicos no banco de dados
[2023-11-13-19:43:04] - [MEMORIA] Dados dinamicos inseridos com sucesso!
[2023-11-13-19:43:04] - [DISCO] Realizando a operação: DISCO
[2023-11-13-19:43:04] - [DISCO] Select de validação na tabela DadosEstaticos
[2023-11-13-19:43:04] - [DISCO] Iniciando a validação da existência do dado estático no Banco
[2023-11-13-19:43:04] - [DISCO] Inserindo os dados estaticos no banco de dados
[2023-11-13-19:43:04] - [DISCO] Dados estaticos inseridos com sucesso!
[2023-11-13-19:43:04] - [REDE] Realizando a operação: REDE
[2023-11-13-19:43:04] - [REDE] Select de validação na tabela DadosEstaticos
[2023-11-13-19:43:04] - [REDE] Iniciando a validação da existência do dado estático no Banco
[2023-11-13-19:43:04] - [REDE] Dados ja existem no banco
[2023-11-13-19:43:04] - [REDE] Inserindo os dados dinamicos no banco de dados
[2023-11-13-19:43:04] - [REDE] Dados dinamicos inseridos com sucesso!
[2023-11-13-19:43:04] - [CPU] Realizando a operação: CPU
[2023-11-13-19:43:04] - [CPU] Select de validação na tabela DadosEstaticos
[2023-11-13-19:43:04] - [CPU] Iniciando a validação da existência do dado estático no Banco
[2023-11-13-19:43:04] - [CPU] Dados ja existem no banco
[2023-11-13-19:43:04] - [CPU] Inserindo os dados dinamicos no banco de dados
[2023-11-13-19:43:04] - [CPU] Dados dinamicos inseridos com sucesso!
[2023-11-13-19:43:07] - [CHEFWARE] Instanciando a conexão com o MySQL
[2023-11-13-19:43:07] - [CHEFWARE] Conectado com o banco de dados na url: jdbc:mysql://localhost:3306/chefware
[2023-11-13-19:43:09] - [MEMORIA] Realizando a operação: MEMÓRIA
[2023-11-13-19:43:09] - [MEMORIA] Select de validação na tabela DadosEstaticos
[2023-11-13-19:43:09] - [MEMORIA] Iniciando a validação da existência do dado estático no Banco
[2023-11-13-19:43:09] - [MEMORIA] Validação encerrada: true
[2023-11-13-19:43:09] - [MEMORIA] Inserindo os dados dinamicos no banco de dados
[2023-11-13-19:43:09] - [MEMORIA] Dados dinamicos inseridos com sucesso!
[2023-11-13-19:43:09] - [DISCO] Realizando a operação: DISCO
[2023-11-13-19:43:09] - [DISCO] Select de validação na tabela DadosEstaticos
[2023-11-13-19:43:09] - [DISCO] Iniciando a validação da existência do dado estático no Banco
[2023-11-13-19:43:09] - [DISCO] Inserindo os dados estaticos no banco de dados
[2023-11-13-19:43:09] - [DISCO] Dados estaticos inseridos com sucesso!
[2023-11-13-19:43:09] - [REDE] Realizando a operação: REDE
[2023-11-13-19:43:09] - [REDE] Select de validação na tabela DadosEstaticos
[2023-11-13-19:43:09] - [REDE] Iniciando a validação da existência do dado estático no Banco
[2023-11-13-19:43:09] - [REDE] Dados ja existem no banco
[2023-11-13-19:43:09] - [REDE] Inserindo os dados dinamicos no banco de dados
[2023-11-13-19:43:09] - [REDE] Dados dinamicos inseridos com sucesso!
[2023-11-13-19:43:09] - [CPU] Realizando a operação: CPU
[2023-11-13-19:43:09] - [CPU] Select de validação na tabela DadosEstaticos
[2023-11-13-19:43:09] - [CPU] Iniciando a validação da existência do dado estático no Banco
[2023-11-13-19:43:09] - [CPU] Dados ja existem no banco
[2023-11-13-19:43:09] - [CPU] Inserindo os dados dinamicos no banco de dados
[2023-11-13-19:43:09] - [CPU] Dados dinamicos inseridos com sucesso!
[2023-11-13-19:43:12] - [CHEFWARE] Instanciando a conexão com o MySQL
[2023-11-13-19:43:12] - [CHEFWARE] Conectado com o banco de dados na url: jdbc:mysql://localhost:3306/chefware
[2023-11-13-19:43:14] - [MEMORIA] Realizando a operação: MEMÓRIA
[2023-11-13-19:43:14] - [MEMORIA] Select de validação na tabela DadosEstaticos
[2023-11-13-19:43:14] - [MEMORIA] Iniciando a validação da existência do dado estático no Banco
[2023-11-13-19:43:14] - [MEMORIA] Validação encerrada: true
[2023-11-13-19:43:14] - [MEMORIA] Inserindo os dados dinamicos no banco de dados
[2023-11-13-19:43:14] - [MEMORIA] Dados dinamicos inseridos com sucesso!
[2023-11-13-19:43:14] - [DISCO] Realizando a operação: DISCO
[2023-11-13-19:43:14] - [DISCO] Select de validação na tabela DadosEstaticos
[2023-11-13-19:43:14] - [DISCO] Iniciando a validação da existência do dado estático no Banco
[2023-11-13-19:43:14] - [DISCO] Inserindo os dados estaticos no banco de dados
[2023-11-13-19:43:14] - [DISCO] Dados estaticos inseridos com sucesso!
[2023-11-13-19:43:14] - [REDE] Realizando a operação: REDE
[2023-11-13-19:43:14] - [REDE] Select de validação na tabela DadosEstaticos
[2023-11-13-19:43:14] - [REDE] Iniciando a validação da existência do dado estático no Banco
[2023-11-13-19:43:14] - [REDE] Dados ja existem no banco
[2023-11-13-19:43:14] - [REDE] Inserindo os dados dinamicos no banco de dados
[2023-11-13-19:43:14] - [REDE] Dados dinamicos inseridos com sucesso!
[2023-11-13-19:43:14] - [CPU] Realizando a operação: CPU
[2023-11-13-19:43:14] - [CPU] Select de validação na tabela DadosEstaticos
[2023-11-13-19:43:14] - [CPU] Iniciando a validação da existência do dado estático no Banco
[2023-11-13-19:43:14] - [CPU] Dados ja existem no banco
[2023-11-13-19:43:14] - [CPU] Inserindo os dados dinamicos no banco de dados
[2023-11-13-19:43:14] - [CPU] Dados dinamicos inseridos com sucesso!
[2023-11-13-19:43:17] - [CHEFWARE] Instanciando a conexão com o MySQL
[2023-11-13-19:43:17] - [CHEFWARE] Conectado com o banco de dados na url: jdbc:mysql://localhost:3306/chefware
[2023-11-13-19:43:19] - [MEMORIA] Realizando a operação: MEMÓRIA
[2023-11-13-19:43:19] - [MEMORIA] Select de validação na tabela DadosEstaticos
[2023-11-13-19:43:19] - [MEMORIA] Iniciando a validação da existência do dado estático no Banco
[2023-11-13-19:43:19] - [MEMORIA] Validação encerrada: true
[2023-11-13-19:43:19] - [MEMORIA] Inserindo os dados dinamicos no banco de dados
[2023-11-13-19:43:19] - [MEMORIA] Dados dinamicos inseridos com sucesso!
[2023-11-13-19:43:19] - [DISCO] Realizando a operação: DISCO
[2023-11-13-19:43:19] - [DISCO] Select de validação na tabela DadosEstaticos
[2023-11-13-19:43:19] - [DISCO] Iniciando a validação da existência do dado estático no Banco
[2023-11-13-19:43:19] - [DISCO] Inserindo os dados estaticos no banco de dados
[2023-11-13-19:43:19] - [DISCO] Dados estaticos inseridos com sucesso!
[2023-11-13-19:43:19] - [REDE] Realizando a operação: REDE
[2023-11-13-19:43:19] - [REDE] Select de validação na tabela DadosEstaticos
[2023-11-13-19:43:19] - [REDE] Iniciando a validação da existência do dado estático no Banco
[2023-11-13-19:43:19] - [REDE] Dados ja existem no banco
[2023-11-13-19:43:19] - [REDE] Inserindo os dados dinamicos no banco de dados
[2023-11-13-19:43:19] - [REDE] Dados dinamicos inseridos com sucesso!
[2023-11-13-19:43:19] - [CPU] Realizando a operação: CPU
[2023-11-13-19:43:19] - [CPU] Select de validação na tabela DadosEstaticos
[2023-11-13-19:43:19] - [CPU] Iniciando a validação da existência do dado estático no Banco
[2023-11-13-19:43:19] - [CPU] Dados ja existem no banco
[2023-11-13-19:43:19] - [CPU] Inserindo os dados dinamicos no banco de dados
[2023-11-13-19:43:19] - [CPU] Dados dinamicos inseridos com sucesso!
[2023-11-13-19:43:22] - [CHEFWARE] Instanciando a conexão com o MySQL
[2023-11-13-19:43:22] - [CHEFWARE] Conectado com o banco de dados na url: jdbc:mysql://localhost:3306/chefware
[2023-11-13-19:43:24] - [MEMORIA] Realizando a operação: MEMÓRIA
[2023-11-13-19:43:24] - [MEMORIA] Select de validação na tabela DadosEstaticos
[2023-11-13-19:43:24] - [MEMORIA] Iniciando a validação da existência do dado estático no Banco
[2023-11-13-19:43:24] - [MEMORIA] Validação encerrada: true
[2023-11-13-19:43:24] - [MEMORIA] Inserindo os dados dinamicos no banco de dados
[2023-11-13-19:43:24] - [MEMORIA] Dados dinamicos inseridos com sucesso!
[2023-11-13-19:43:24] - [DISCO] Realizando a operação: DISCO
[2023-11-13-19:43:24] - [DISCO] Select de validação na tabela DadosEstaticos
[2023-11-13-19:43:24] - [DISCO] Iniciando a validação da existência do dado estático no Banco
[2023-11-13-19:43:24] - [DISCO] Inserindo os dados estaticos no banco de dados
[2023-11-13-19:43:24] - [DISCO] Dados estaticos inseridos com sucesso!
[2023-11-13-19:43:24] - [REDE] Realizando a operação: REDE
[2023-11-13-19:43:24] - [REDE] Select de validação na tabela DadosEstaticos
[2023-11-13-19:43:24] - [REDE] Iniciando a validação da existência do dado estático no Banco
[2023-11-13-19:43:24] - [REDE] Dados ja existem no banco
[2023-11-13-19:43:24] - [REDE] Inserindo os dados dinamicos no banco de dados
[2023-11-13-19:43:24] - [REDE] Dados dinamicos inseridos com sucesso!
[2023-11-13-19:43:24] - [CPU] Realizando a operação: CPU
[2023-11-13-19:43:24] - [CPU] Select de validação na tabela DadosEstaticos
[2023-11-13-19:43:24] - [CPU] Iniciando a validação da existência do dado estático no Banco
[2023-11-13-19:43:24] - [CPU] Dados ja existem no banco
[2023-11-13-19:43:24] - [CPU] Inserindo os dados dinamicos no banco de dados
[2023-11-13-19:43:24] - [CPU] Dados dinamicos inseridos com sucesso!
[2023-11-13-19:43:27] - [CHEFWARE] Instanciando a conexão com o MySQL
[2023-11-13-19:43:27] - [CHEFWARE] Conectado com o banco de dados na url: jdbc:mysql://localhost:3306/chefware
[2023-11-13-19:43:29] - [MEMORIA] Realizando a operação: MEMÓRIA
[2023-11-13-19:43:29] - [MEMORIA] Select de validação na tabela DadosEstaticos
[2023-11-13-19:43:29] - [MEMORIA] Iniciando a validação da existência do dado estático no Banco
[2023-11-13-19:43:29] - [MEMORIA] Validação encerrada: true
[2023-11-13-19:43:29] - [MEMORIA] Inserindo os dados dinamicos no banco de dados
[2023-11-13-19:43:29] - [MEMORIA] Dados dinamicos inseridos com sucesso!
[2023-11-13-19:43:29] - [DISCO] Realizando a operação: DISCO
[2023-11-13-19:43:29] - [DISCO] Select de validação na tabela DadosEstaticos
[2023-11-13-19:43:29] - [DISCO] Iniciando a validação da existência do dado estático no Banco
[2023-11-13-19:43:29] - [DISCO] Inserindo os dados estaticos no banco de dados
[2023-11-13-19:43:29] - [DISCO] Dados estaticos inseridos com sucesso!
[2023-11-13-19:43:29] - [REDE] Realizando a operação: REDE
[2023-11-13-19:43:29] - [REDE] Select de validação na tabela DadosEstaticos
[2023-11-13-19:43:29] - [REDE] Iniciando a validação da existência do dado estático no Banco
[2023-11-13-19:43:29] - [REDE] Dados ja existem no banco
[2023-11-13-19:43:29] - [REDE] Inserindo os dados dinamicos no banco de dados
[2023-11-13-19:43:29] - [REDE] Dados dinamicos inseridos com sucesso!
[2023-11-13-19:43:29] - [CPU] Realizando a operação: CPU
[2023-11-13-19:43:29] - [CPU] Select de validação na tabela DadosEstaticos
[2023-11-13-19:43:29] - [CPU] Iniciando a validação da existência do dado estático no Banco
[2023-11-13-19:43:29] - [CPU] Dados ja existem no banco
[2023-11-13-19:43:29] - [CPU] Inserindo os dados dinamicos no banco de dados
[2023-11-13-19:43:29] - [CPU] Dados dinamicos inseridos com sucesso!
[2023-11-13-19:43:32] - [CHEFWARE] Instanciando a conexão com o MySQL
[2023-11-13-19:43:32] - [CHEFWARE] Conectado com o banco de dados na url: jdbc:mysql://localhost:3306/chefware
[2023-11-13-19:43:34] - [MEMORIA] Realizando a operação: MEMÓRIA
[2023-11-13-19:43:34] - [MEMORIA] Select de validação na tabela DadosEstaticos
[2023-11-13-19:43:34] - [MEMORIA] Iniciando a validação da existência do dado estático no Banco
[2023-11-13-19:43:34] - [MEMORIA] Validação encerrada: true
[2023-11-13-19:43:34] - [MEMORIA] Inserindo os dados dinamicos no banco de dados
[2023-11-13-19:43:34] - [MEMORIA] Dados dinamicos inseridos com sucesso!
[2023-11-13-19:43:34] - [DISCO] Realizando a operação: DISCO
[2023-11-13-19:43:34] - [DISCO] Select de validação na tabela DadosEstaticos
[2023-11-13-19:43:34] - [DISCO] Iniciando a validação da existência do dado estático no Banco
[2023-11-13-19:43:34] - [DISCO] Inserindo os dados estaticos no banco de dados
[2023-11-13-19:43:34] - [DISCO] Dados estaticos inseridos com sucesso!
[2023-11-13-19:43:34] - [REDE] Realizando a operação: REDE
[2023-11-13-19:43:34] - [REDE] Select de validação na tabela DadosEstaticos
[2023-11-13-19:43:34] - [REDE] Iniciando a validação da existência do dado estático no Banco
[2023-11-13-19:43:34] - [REDE] Dados ja existem no banco
[2023-11-13-19:43:34] - [REDE] Inserindo os dados dinamicos no banco de dados
[2023-11-13-19:43:34] - [REDE] Dados dinamicos inseridos com sucesso!
[2023-11-13-19:43:34] - [CPU] Realizando a operação: CPU
[2023-11-13-19:43:34] - [CPU] Select de validação na tabela DadosEstaticos
[2023-11-13-19:43:34] - [CPU] Iniciando a validação da existência do dado estático no Banco
[2023-11-13-19:43:34] - [CPU] Dados ja existem no banco
[2023-11-13-19:43:34] - [CPU] Inserindo os dados dinamicos no banco de dados
[2023-11-13-19:43:34] - [CPU] Dados dinamicos inseridos com sucesso!
[2023-11-13-19:43:37] - [CHEFWARE] Instanciando a conexão com o MySQL
[2023-11-13-19:43:37] - [CHEFWARE] Conectado com o banco de dados na url: jdbc:mysql://localhost:3306/chefware
[2023-11-13-19:43:39] - [MEMORIA] Realizando a operação: MEMÓRIA
[2023-11-13-19:43:39] - [MEMORIA] Select de validação na tabela DadosEstaticos
[2023-11-13-19:43:39] - [MEMORIA] Iniciando a validação da existência do dado estático no Banco
[2023-11-13-19:43:39] - [MEMORIA] Validação encerrada: true
[2023-11-13-19:43:39] - [MEMORIA] Inserindo os dados dinamicos no banco de dados
[2023-11-13-19:43:39] - [MEMORIA] Dados dinamicos inseridos com sucesso!
[2023-11-13-19:43:39] - [DISCO] Realizando a operação: DISCO
[2023-11-13-19:43:39] - [DISCO] Select de validação na tabela DadosEstaticos
[2023-11-13-19:43:39] - [DISCO] Iniciando a validação da existência do dado estático no Banco
[2023-11-13-19:43:39] - [DISCO] Inserindo os dados estaticos no banco de dados
[2023-11-13-19:43:39] - [DISCO] Dados estaticos inseridos com sucesso!
[2023-11-13-19:43:39] - [REDE] Realizando a operação: REDE
[2023-11-13-19:43:39] - [REDE] Select de validação na tabela DadosEstaticos
[2023-11-13-19:43:39] - [REDE] Iniciando a validação da existência do dado estático no Banco
[2023-11-13-19:43:39] - [REDE] Dados ja existem no banco
[2023-11-13-19:43:39] - [REDE] Inserindo os dados dinamicos no banco de dados
[2023-11-13-19:43:39] - [REDE] Dados dinamicos inseridos com sucesso!
[2023-11-13-19:43:39] - [CPU] Realizando a operação: CPU
[2023-11-13-19:43:39] - [CPU] Select de validação na tabela DadosEstaticos
[2023-11-13-19:43:39] - [CPU] Iniciando a validação da existência do dado estático no Banco
[2023-11-13-19:43:39] - [CPU] Dados ja existem no banco
[2023-11-13-19:43:39] - [CPU] Inserindo os dados dinamicos no banco de dados
[2023-11-13-19:43:39] - [CPU] Dados dinamicos inseridos com sucesso!
[2023-11-13-19:43:42] - [CHEFWARE] Instanciando a conexão com o MySQL
[2023-11-13-19:43:42] - [CHEFWARE] Conectado com o banco de dados na url: jdbc:mysql://localhost:3306/chefware
[2023-11-13-19:43:44] - [MEMORIA] Realizando a operação: MEMÓRIA
[2023-11-13-19:43:44] - [MEMORIA] Select de validação na tabela DadosEstaticos
[2023-11-13-19:43:44] - [MEMORIA] Iniciando a validação da existência do dado estático no Banco
[2023-11-13-19:43:44] - [MEMORIA] Validação encerrada: true
[2023-11-13-19:43:44] - [MEMORIA] Inserindo os dados dinamicos no banco de dados
[2023-11-13-19:43:44] - [MEMORIA] Dados dinamicos inseridos com sucesso!
[2023-11-13-19:43:44] - [DISCO] Realizando a operação: DISCO
[2023-11-13-19:43:44] - [DISCO] Select de validação na tabela DadosEstaticos
[2023-11-13-19:43:44] - [DISCO] Iniciando a validação da existência do dado estático no Banco
[2023-11-13-19:43:44] - [DISCO] Inserindo os dados estaticos no banco de dados
[2023-11-13-19:43:44] - [DISCO] Dados estaticos inseridos com sucesso!
[2023-11-13-19:43:44] - [REDE] Realizando a operação: REDE
[2023-11-13-19:43:44] - [REDE] Select de validação na tabela DadosEstaticos
[2023-11-13-19:43:44] - [REDE] Iniciando a validação da existência do dado estático no Banco
[2023-11-13-19:43:44] - [REDE] Dados ja existem no banco
[2023-11-13-19:43:44] - [REDE] Inserindo os dados dinamicos no banco de dados
[2023-11-13-19:43:44] - [REDE] Dados dinamicos inseridos com sucesso!
[2023-11-13-19:43:44] - [CPU] Realizando a operação: CPU
[2023-11-13-19:43:44] - [CPU] Select de validação na tabela DadosEstaticos
[2023-11-13-19:43:44] - [CPU] Iniciando a validação da existência do dado estático no Banco
[2023-11-13-19:43:44] - [CPU] Dados ja existem no banco
[2023-11-13-19:43:44] - [CPU] Inserindo os dados dinamicos no banco de dados
[2023-11-13-19:43:44] - [CPU] Dados dinamicos inseridos com sucesso!
[2023-11-13-19:43:47] - [CHEFWARE] Instanciando a conexão com o MySQL
[2023-11-13-19:43:47] - [CHEFWARE] Conectado com o banco de dados na url: jdbc:mysql://localhost:3306/chefware
[2023-11-13-19:43:49] - [MEMORIA] Realizando a operação: MEMÓRIA
[2023-11-13-19:43:49] - [MEMORIA] Select de validação na tabela DadosEstaticos
[2023-11-13-19:43:49] - [MEMORIA] Iniciando a validação da existência do dado estático no Banco
[2023-11-13-19:43:49] - [MEMORIA] Validação encerrada: true
[2023-11-13-19:43:49] - [MEMORIA] Inserindo os dados dinamicos no banco de dados
[2023-11-13-19:43:49] - [MEMORIA] Dados dinamicos inseridos com sucesso!
[2023-11-13-19:43:49] - [DISCO] Realizando a operação: DISCO
[2023-11-13-19:43:49] - [DISCO] Select de validação na tabela DadosEstaticos
[2023-11-13-19:43:49] - [DISCO] Iniciando a validação da existência do dado estático no Banco
[2023-11-13-19:43:49] - [DISCO] Inserindo os dados estaticos no banco de dados
[2023-11-13-19:43:49] - [DISCO] Dados estaticos inseridos com sucesso!
[2023-11-13-19:43:49] - [REDE] Realizando a operação: REDE
[2023-11-13-19:43:49] - [REDE] Select de validação na tabela DadosEstaticos
[2023-11-13-19:43:49] - [REDE] Iniciando a validação da existência do dado estático no Banco
[2023-11-13-19:43:49] - [REDE] Dados ja existem no banco
[2023-11-13-19:43:49] - [REDE] Inserindo os dados dinamicos no banco de dados
[2023-11-13-19:43:49] - [REDE] Dados dinamicos inseridos com sucesso!
[2023-11-13-19:43:49] - [CPU] Realizando a operação: CPU
[2023-11-13-19:43:49] - [CPU] Select de validação na tabela DadosEstaticos
[2023-11-13-19:43:49] - [CPU] Iniciando a validação da existência do dado estático no Banco
[2023-11-13-19:43:49] - [CPU] Dados ja existem no banco
[2023-11-13-19:43:49] - [CPU] Inserindo os dados dinamicos no banco de dados
[2023-11-13-19:43:49] - [CPU] Dados dinamicos inseridos com sucesso!
[2023-11-13-19:43:52] - [CHEFWARE] Instanciando a conexão com o MySQL
[2023-11-13-19:43:52] - [CHEFWARE] Conectado com o banco de dados na url: jdbc:mysql://localhost:3306/chefware
[2023-11-13-19:43:54] - [MEMORIA] Realizando a operação: MEMÓRIA
[2023-11-13-19:43:54] - [MEMORIA] Select de validação na tabela DadosEstaticos
[2023-11-13-19:43:54] - [MEMORIA] Iniciando a validação da existência do dado estático no Banco
[2023-11-13-19:43:54] - [MEMORIA] Validação encerrada: true
[2023-11-13-19:43:54] - [MEMORIA] Inserindo os dados dinamicos no banco de dados
[2023-11-13-19:43:54] - [MEMORIA] Dados dinamicos inseridos com sucesso!
[2023-11-13-19:43:54] - [DISCO] Realizando a operação: DISCO
[2023-11-13-19:43:54] - [DISCO] Select de validação na tabela DadosEstaticos
[2023-11-13-19:43:54] - [DISCO] Iniciando a validação da existência do dado estático no Banco
[2023-11-13-19:43:54] - [DISCO] Inserindo os dados estaticos no banco de dados
[2023-11-13-19:43:54] - [DISCO] Dados estaticos inseridos com sucesso!
[2023-11-13-19:43:54] - [REDE] Realizando a operação: REDE
[2023-11-13-19:43:54] - [REDE] Select de validação na tabela DadosEstaticos
[2023-11-13-19:43:54] - [REDE] Iniciando a validação da existência do dado estático no Banco
[2023-11-13-19:43:54] - [REDE] Dados ja existem no banco
[2023-11-13-19:43:54] - [REDE] Inserindo os dados dinamicos no banco de dados
[2023-11-13-19:43:54] - [REDE] Dados dinamicos inseridos com sucesso!
[2023-11-13-19:43:54] - [CPU] Realizando a operação: CPU
[2023-11-13-19:43:54] - [CPU] Select de validação na tabela DadosEstaticos
[2023-11-13-19:43:54] - [CPU] Iniciando a validação da existência do dado estático no Banco
[2023-11-13-19:43:54] - [CPU] Dados ja existem no banco
[2023-11-13-19:43:54] - [CPU] Inserindo os dados dinamicos no banco de dados
[2023-11-13-19:43:54] - [CPU] Dados dinamicos inseridos com sucesso!
[2023-11-13-19:43:57] - [CHEFWARE] Instanciando a conexão com o MySQL
[2023-11-13-19:43:57] - [CHEFWARE] Conectado com o banco de dados na url: jdbc:mysql://localhost:3306/chefware
[2023-11-13-19:43:59] - [MEMORIA] Realizando a operação: MEMÓRIA
[2023-11-13-19:43:59] - [MEMORIA] Select de validação na tabela DadosEstaticos
[2023-11-13-19:43:59] - [MEMORIA] Iniciando a validação da existência do dado estático no Banco
[2023-11-13-19:43:59] - [MEMORIA] Validação encerrada: true
[2023-11-13-19:43:59] - [MEMORIA] Inserindo os dados dinamicos no banco de dados
[2023-11-13-19:43:59] - [MEMORIA] Dados dinamicos inseridos com sucesso!
[2023-11-13-19:43:59] - [DISCO] Realizando a operação: DISCO
[2023-11-13-19:43:59] - [DISCO] Select de validação na tabela DadosEstaticos
[2023-11-13-19:43:59] - [DISCO] Iniciando a validação da existência do dado estático no Banco
[2023-11-13-19:43:59] - [DISCO] Inserindo os dados estaticos no banco de dados
[2023-11-13-19:43:59] - [DISCO] Dados estaticos inseridos com sucesso!
[2023-11-13-19:43:59] - [REDE] Realizando a operação: REDE
[2023-11-13-19:43:59] - [REDE] Select de validação na tabela DadosEstaticos
[2023-11-13-19:43:59] - [REDE] Iniciando a validação da existência do dado estático no Banco
[2023-11-13-19:43:59] - [REDE] Dados ja existem no banco
[2023-11-13-19:43:59] - [REDE] Inserindo os dados dinamicos no banco de dados
[2023-11-13-19:43:59] - [REDE] Dados dinamicos inseridos com sucesso!
[2023-11-13-19:43:59] - [CPU] Realizando a operação: CPU
[2023-11-13-19:43:59] - [CPU] Select de validação na tabela DadosEstaticos
[2023-11-13-19:43:59] - [CPU] Iniciando a validação da existência do dado estático no Banco
[2023-11-13-19:43:59] - [CPU] Dados ja existem no banco
[2023-11-13-19:43:59] - [CPU] Inserindo os dados dinamicos no banco de dados
[2023-11-13-19:43:59] - [CPU] Dados dinamicos inseridos com sucesso!
[2023-11-13-19:44:02] - [CHEFWARE] Instanciando a conexão com o MySQL
[2023-11-13-19:44:02] - [CHEFWARE] Conectado com o banco de dados na url: jdbc:mysql://localhost:3306/chefware
[2023-11-13-19:44:04] - [MEMORIA] Realizando a operação: MEMÓRIA
[2023-11-13-19:44:04] - [MEMORIA] Select de validação na tabela DadosEstaticos
[2023-11-13-19:44:04] - [MEMORIA] Iniciando a validação da existência do dado estático no Banco
[2023-11-13-19:44:04] - [MEMORIA] Validação encerrada: true
[2023-11-13-19:44:04] - [MEMORIA] Inserindo os dados dinamicos no banco de dados
[2023-11-13-19:44:04] - [MEMORIA] Dados dinamicos inseridos com sucesso!
[2023-11-13-19:44:04] - [DISCO] Realizando a operação: DISCO
[2023-11-13-19:44:04] - [DISCO] Select de validação na tabela DadosEstaticos
[2023-11-13-19:44:04] - [DISCO] Iniciando a validação da existência do dado estático no Banco
[2023-11-13-19:44:04] - [DISCO] Inserindo os dados estaticos no banco de dados
[2023-11-13-19:44:04] - [DISCO] Dados estaticos inseridos com sucesso!
[2023-11-13-19:44:04] - [REDE] Realizando a operação: REDE
[2023-11-13-19:44:04] - [REDE] Select de validação na tabela DadosEstaticos
[2023-11-13-19:44:04] - [REDE] Iniciando a validação da existência do dado estático no Banco
[2023-11-13-19:44:04] - [REDE] Dados ja existem no banco
[2023-11-13-19:44:04] - [REDE] Inserindo os dados dinamicos no banco de dados
[2023-11-13-19:44:04] - [REDE] Dados dinamicos inseridos com sucesso!
[2023-11-13-19:44:04] - [CPU] Realizando a operação: CPU
[2023-11-13-19:44:04] - [CPU] Select de validação na tabela DadosEstaticos
[2023-11-13-19:44:04] - [CPU] Iniciando a validação da existência do dado estático no Banco
[2023-11-13-19:44:04] - [CPU] Dados ja existem no banco
[2023-11-13-19:44:04] - [CPU] Inserindo os dados dinamicos no banco de dados
[2023-11-13-19:44:04] - [CPU] Dados dinamicos inseridos com sucesso!
[2023-11-13-19:44:07] - [CHEFWARE] Instanciando a conexão com o MySQL
[2023-11-13-19:44:07] - [CHEFWARE] Conectado com o banco de dados na url: jdbc:mysql://localhost:3306/chefware
[2023-11-13-19:44:09] - [MEMORIA] Realizando a operação: MEMÓRIA
[2023-11-13-19:44:09] - [MEMORIA] Select de validação na tabela DadosEstaticos
[2023-11-13-19:44:09] - [MEMORIA] Iniciando a validação da existência do dado estático no Banco
[2023-11-13-19:44:09] - [MEMORIA] Validação encerrada: true
[2023-11-13-19:44:09] - [MEMORIA] Inserindo os dados dinamicos no banco de dados
[2023-11-13-19:44:09] - [MEMORIA] Dados dinamicos inseridos com sucesso!
[2023-11-13-19:44:09] - [DISCO] Realizando a operação: DISCO
[2023-11-13-19:44:09] - [DISCO] Select de validação na tabela DadosEstaticos
[2023-11-13-19:44:09] - [DISCO] Iniciando a validação da existência do dado estático no Banco
[2023-11-13-19:44:09] - [DISCO] Inserindo os dados estaticos no banco de dados
[2023-11-13-19:44:09] - [DISCO] Dados estaticos inseridos com sucesso!
[2023-11-13-19:44:09] - [REDE] Realizando a operação: REDE
[2023-11-13-19:44:09] - [REDE] Select de validação na tabela DadosEstaticos
[2023-11-13-19:44:09] - [REDE] Iniciando a validação da existência do dado estático no Banco
[2023-11-13-19:44:09] - [REDE] Dados ja existem no banco
[2023-11-13-19:44:09] - [REDE] Inserindo os dados dinamicos no banco de dados
[2023-11-13-19:44:09] - [REDE] Dados dinamicos inseridos com sucesso!
[2023-11-13-19:44:09] - [CPU] Realizando a operação: CPU
[2023-11-13-19:44:09] - [CPU] Select de validação na tabela DadosEstaticos
[2023-11-13-19:44:09] - [CPU] Iniciando a validação da existência do dado estático no Banco
[2023-11-13-19:44:09] - [CPU] Dados ja existem no banco
[2023-11-13-19:44:09] - [CPU] Inserindo os dados dinamicos no banco de dados
[2023-11-13-19:44:09] - [CPU] Dados dinamicos inseridos com sucesso!
[2023-11-13-19:44:12] - [CHEFWARE] Instanciando a conexão com o MySQL
[2023-11-13-19:44:12] - [CHEFWARE] Conectado com o banco de dados na url: jdbc:mysql://localhost:3306/chefware
[2023-11-13-19:44:14] - [MEMORIA] Realizando a operação: MEMÓRIA
[2023-11-13-19:44:14] - [MEMORIA] Select de validação na tabela DadosEstaticos
[2023-11-13-19:44:14] - [MEMORIA] Iniciando a validação da existência do dado estático no Banco
[2023-11-13-19:44:14] - [MEMORIA] Validação encerrada: true
[2023-11-13-19:44:14] - [MEMORIA] Inserindo os dados dinamicos no banco de dados
[2023-11-13-19:44:14] - [MEMORIA] Dados dinamicos inseridos com sucesso!
[2023-11-13-19:44:14] - [DISCO] Realizando a operação: DISCO
[2023-11-13-19:44:14] - [DISCO] Select de validação na tabela DadosEstaticos
[2023-11-13-19:44:14] - [DISCO] Iniciando a validação da existência do dado estático no Banco
[2023-11-13-19:44:14] - [DISCO] Inserindo os dados estaticos no banco de dados
[2023-11-13-19:44:14] - [DISCO] Dados estaticos inseridos com sucesso!
[2023-11-13-19:44:14] - [REDE] Realizando a operação: REDE
[2023-11-13-19:44:14] - [REDE] Select de validação na tabela DadosEstaticos
[2023-11-13-19:44:14] - [REDE] Iniciando a validação da existência do dado estático no Banco
[2023-11-13-19:44:14] - [REDE] Dados ja existem no banco
[2023-11-13-19:44:14] - [REDE] Inserindo os dados dinamicos no banco de dados
[2023-11-13-19:44:14] - [REDE] Dados dinamicos inseridos com sucesso!
[2023-11-13-19:44:14] - [CPU] Realizando a operação: CPU
[2023-11-13-19:44:14] - [CPU] Select de validação na tabela DadosEstaticos
[2023-11-13-19:44:14] - [CPU] Iniciando a validação da existência do dado estático no Banco
[2023-11-13-19:44:14] - [CPU] Dados ja existem no banco
[2023-11-13-19:44:14] - [CPU] Inserindo os dados dinamicos no banco de dados
[2023-11-13-19:44:14] - [CPU] Dados dinamicos inseridos com sucesso!
[2023-11-13-19:44:17] - [SERVER] Cliente conectado
[2023-11-13-19:44:17] - [SERVER] Comando recebido do cliente: bloquear
[2023-11-13-19:44:17] - [CHEFWARE] Instanciando a conexão com o MySQL
[2023-11-13-19:44:17] - [CHEFWARE] Conectado com o banco de dados na url: jdbc:mysql://localhost:3306/chefware
[2023-11-13-19:44:19] - [MEMORIA] Realizando a operação: MEMÓRIA
[2023-11-13-19:44:19] - [MEMORIA] Select de validação na tabela DadosEstaticos
[2023-11-13-19:44:19] - [MEMORIA] Iniciando a validação da existência do dado estático no Banco
[2023-11-13-19:44:19] - [MEMORIA] Validação encerrada: true
[2023-11-13-19:44:19] - [MEMORIA] Inserindo os dados dinamicos no banco de dados
[2023-11-13-19:44:19] - [MEMORIA] Dados dinamicos inseridos com sucesso!
[2023-11-13-19:44:19] - [DISCO] Realizando a operação: DISCO
[2023-11-13-19:44:19] - [DISCO] Select de validação na tabela DadosEstaticos
[2023-11-13-19:44:19] - [DISCO] Iniciando a validação da existência do dado estático no Banco
[2023-11-13-19:44:19] - [DISCO] Inserindo os dados estaticos no banco de dados
[2023-11-13-19:44:19] - [DISCO] Dados estaticos inseridos com sucesso!
[2023-11-13-19:44:19] - [REDE] Realizando a operação: REDE
[2023-11-13-19:44:19] - [REDE] Select de validação na tabela DadosEstaticos
[2023-11-13-19:44:19] - [REDE] Iniciando a validação da existência do dado estático no Banco
[2023-11-13-19:44:19] - [REDE] Dados ja existem no banco
[2023-11-13-19:44:19] - [REDE] Inserindo os dados dinamicos no banco de dados
[2023-11-13-19:44:19] - [REDE] Dados dinamicos inseridos com sucesso!
[2023-11-13-19:44:19] - [CPU] Realizando a operação: CPU
[2023-11-13-19:44:19] - [CPU] Select de validação na tabela DadosEstaticos
[2023-11-13-19:44:19] - [CPU] Iniciando a validação da existência do dado estático no Banco
[2023-11-13-19:44:19] - [CPU] Dados ja existem no banco
[2023-11-13-19:44:19] - [CPU] Inserindo os dados dinamicos no banco de dados
[2023-11-13-19:44:19] - [CPU] Dados dinamicos inseridos com sucesso!
[2023-11-13-19:44:22] - [CHEFWARE] Instanciando a conexão com o MySQL
[2023-11-13-19:44:22] - [CHEFWARE] Conectado com o banco de dados na url: jdbc:mysql://localhost:3306/chefware
[2023-11-13-19:44:24] - [MEMORIA] Realizando a operação: MEMÓRIA
[2023-11-13-19:44:24] - [MEMORIA] Select de validação na tabela DadosEstaticos
[2023-11-13-19:44:24] - [MEMORIA] Iniciando a validação da existência do dado estático no Banco
[2023-11-13-19:44:24] - [MEMORIA] Validação encerrada: true
[2023-11-13-19:44:24] - [MEMORIA] Inserindo os dados dinamicos no banco de dados
[2023-11-13-19:44:24] - [MEMORIA] Dados dinamicos inseridos com sucesso!
[2023-11-13-19:44:24] - [DISCO] Realizando a operação: DISCO
[2023-11-13-19:44:24] - [DISCO] Select de validação na tabela DadosEstaticos
[2023-11-13-19:44:24] - [DISCO] Iniciando a validação da existência do dado estático no Banco
[2023-11-13-19:44:24] - [DISCO] Inserindo os dados estaticos no banco de dados
[2023-11-13-19:44:24] - [DISCO] Dados estaticos inseridos com sucesso!
[2023-11-13-19:44:24] - [REDE] Realizando a operação: REDE
[2023-11-13-19:44:24] - [REDE] Select de validação na tabela DadosEstaticos
[2023-11-13-19:44:24] - [REDE] Iniciando a validação da existência do dado estático no Banco
[2023-11-13-19:44:24] - [REDE] Dados ja existem no banco
[2023-11-13-19:44:24] - [REDE] Inserindo os dados dinamicos no banco de dados
[2023-11-13-19:44:24] - [REDE] Dados dinamicos inseridos com sucesso!
[2023-11-13-19:44:24] - [CPU] Realizando a operação: CPU
[2023-11-13-19:44:24] - [CPU] Select de validação na tabela DadosEstaticos
[2023-11-13-19:44:24] - [CPU] Iniciando a validação da existência do dado estático no Banco
[2023-11-13-19:44:24] - [CPU] Dados ja existem no banco
[2023-11-13-19:44:24] - [CPU] Inserindo os dados dinamicos no banco de dados
[2023-11-13-19:44:24] - [CPU] Dados dinamicos inseridos com sucesso!
[2023-11-13-19:44:27] - [CHEFWARE] Instanciando a conexão com o MySQL
[2023-11-13-19:44:27] - [CHEFWARE] Conectado com o banco de dados na url: jdbc:mysql://localhost:3306/chefware
[2023-11-13-19:44:29] - [MEMORIA] Realizando a operação: MEMÓRIA
[2023-11-13-19:44:29] - [MEMORIA] Select de validação na tabela DadosEstaticos
[2023-11-13-19:44:29] - [MEMORIA] Iniciando a validação da existência do dado estático no Banco
[2023-11-13-19:44:29] - [MEMORIA] Validação encerrada: true
[2023-11-13-19:44:29] - [MEMORIA] Inserindo os dados dinamicos no banco de dados
[2023-11-13-19:44:29] - [MEMORIA] Dados dinamicos inseridos com sucesso!
[2023-11-13-19:44:29] - [DISCO] Realizando a operação: DISCO
[2023-11-13-19:44:29] - [DISCO] Select de validação na tabela DadosEstaticos
[2023-11-13-19:44:29] - [DISCO] Iniciando a validação da existência do dado estático no Banco
[2023-11-13-19:44:29] - [DISCO] Inserindo os dados estaticos no banco de dados
[2023-11-13-19:44:29] - [DISCO] Dados estaticos inseridos com sucesso!
[2023-11-13-19:44:29] - [REDE] Realizando a operação: REDE
[2023-11-13-19:44:29] - [REDE] Select de validação na tabela DadosEstaticos
[2023-11-13-19:44:29] - [REDE] Iniciando a validação da existência do dado estático no Banco
[2023-11-13-19:44:29] - [REDE] Dados ja existem no banco
[2023-11-13-19:44:29] - [REDE] Inserindo os dados dinamicos no banco de dados
[2023-11-13-19:44:29] - [REDE] Dados dinamicos inseridos com sucesso!
[2023-11-13-19:44:29] - [CPU] Realizando a operação: CPU
[2023-11-13-19:44:29] - [CPU] Select de validação na tabela DadosEstaticos
[2023-11-13-19:44:29] - [CPU] Iniciando a validação da existência do dado estático no Banco
[2023-11-13-19:44:29] - [CPU] Dados ja existem no banco
[2023-11-13-19:44:29] - [CPU] Inserindo os dados dinamicos no banco de dados
[2023-11-13-19:44:29] - [CPU] Dados dinamicos inseridos com sucesso!
[2023-11-13-19:44:32] - [CHEFWARE] Instanciando a conexão com o MySQL
[2023-11-13-19:44:32] - [CHEFWARE] Conectado com o banco de dados na url: jdbc:mysql://localhost:3306/chefware
[2023-11-13-19:44:34] - [MEMORIA] Realizando a operação: MEMÓRIA
[2023-11-13-19:44:34] - [MEMORIA] Select de validação na tabela DadosEstaticos
[2023-11-13-19:44:34] - [MEMORIA] Iniciando a validação da existência do dado estático no Banco
[2023-11-13-19:44:34] - [MEMORIA] Validação encerrada: true
[2023-11-13-19:44:34] - [MEMORIA] Inserindo os dados dinamicos no banco de dados
[2023-11-13-19:44:34] - [MEMORIA] Dados dinamicos inseridos com sucesso!
[2023-11-13-19:44:34] - [DISCO] Realizando a operação: DISCO
[2023-11-13-19:44:34] - [DISCO] Select de validação na tabela DadosEstaticos
[2023-11-13-19:44:34] - [DISCO] Iniciando a validação da existência do dado estático no Banco
[2023-11-13-19:44:34] - [DISCO] Inserindo os dados estaticos no banco de dados
[2023-11-13-19:44:34] - [DISCO] Dados estaticos inseridos com sucesso!
[2023-11-13-19:44:34] - [REDE] Realizando a operação: REDE
[2023-11-13-19:44:34] - [REDE] Select de validação na tabela DadosEstaticos
[2023-11-13-19:44:34] - [REDE] Iniciando a validação da existência do dado estático no Banco
[2023-11-13-19:44:34] - [REDE] Dados ja existem no banco
[2023-11-13-19:44:34] - [REDE] Inserindo os dados dinamicos no banco de dados
[2023-11-13-19:44:34] - [REDE] Dados dinamicos inseridos com sucesso!
[2023-11-13-19:44:34] - [CPU] Realizando a operação: CPU
[2023-11-13-19:44:34] - [CPU] Select de validação na tabela DadosEstaticos
[2023-11-13-19:44:34] - [CPU] Iniciando a validação da existência do dado estático no Banco
[2023-11-13-19:44:34] - [CPU] Dados ja existem no banco
[2023-11-13-19:44:34] - [CPU] Inserindo os dados dinamicos no banco de dados
[2023-11-13-19:44:34] - [CPU] Dados dinamicos inseridos com sucesso!
[2023-11-13-19:44:37] - [CHEFWARE] Instanciando a conexão com o MySQL
[2023-11-13-19:44:37] - [CHEFWARE] Conectado com o banco de dados na url: jdbc:mysql://localhost:3306/chefware
[2023-11-13-19:44:39] - [MEMORIA] Realizando a operação: MEMÓRIA
[2023-11-13-19:44:39] - [MEMORIA] Select de validação na tabela DadosEstaticos
[2023-11-13-19:44:39] - [MEMORIA] Iniciando a validação da existência do dado estático no Banco
[2023-11-13-19:44:39] - [MEMORIA] Validação encerrada: true
[2023-11-13-19:44:39] - [MEMORIA] Inserindo os dados dinamicos no banco de dados
[2023-11-13-19:44:39] - [MEMORIA] Dados dinamicos inseridos com sucesso!
[2023-11-13-19:44:39] - [DISCO] Realizando a operação: DISCO
[2023-11-13-19:44:39] - [DISCO] Select de validação na tabela DadosEstaticos
[2023-11-13-19:44:39] - [DISCO] Iniciando a validação da existência do dado estático no Banco
[2023-11-13-19:44:39] - [DISCO] Inserindo os dados estaticos no banco de dados
[2023-11-13-19:44:39] - [DISCO] Dados estaticos inseridos com sucesso!
[2023-11-13-19:44:39] - [REDE] Realizando a operação: REDE
[2023-11-13-19:44:39] - [REDE] Select de validação na tabela DadosEstaticos
[2023-11-13-19:44:39] - [REDE] Iniciando a validação da existência do dado estático no Banco
[2023-11-13-19:44:39] - [REDE] Dados ja existem no banco
[2023-11-13-19:44:39] - [REDE] Inserindo os dados dinamicos no banco de dados
[2023-11-13-19:44:39] - [REDE] Dados dinamicos inseridos com sucesso!
[2023-11-13-19:44:39] - [CPU] Realizando a operação: CPU
[2023-11-13-19:44:39] - [CPU] Select de validação na tabela DadosEstaticos
[2023-11-13-19:44:39] - [CPU] Iniciando a validação da existência do dado estático no Banco
[2023-11-13-19:44:39] - [CPU] Dados ja existem no banco
[2023-11-13-19:44:39] - [CPU] Inserindo os dados dinamicos no banco de dados
[2023-11-13-19:44:39] - [CPU] Dados dinamicos inseridos com sucesso!
[2023-11-13-19:44:42] - [CHEFWARE] Instanciando a conexão com o MySQL
[2023-11-13-19:44:42] - [CHEFWARE] Conectado com o banco de dados na url: jdbc:mysql://localhost:3306/chefware
[2023-11-13-19:44:44] - [MEMORIA] Realizando a operação: MEMÓRIA
[2023-11-13-19:44:44] - [MEMORIA] Select de validação na tabela DadosEstaticos
[2023-11-13-19:44:44] - [MEMORIA] Iniciando a validação da existência do dado estático no Banco
[2023-11-13-19:44:44] - [MEMORIA] Validação encerrada: true
[2023-11-13-19:44:44] - [MEMORIA] Inserindo os dados dinamicos no banco de dados
[2023-11-13-19:44:44] - [MEMORIA] Dados dinamicos inseridos com sucesso!
[2023-11-13-19:44:44] - [DISCO] Realizando a operação: DISCO
[2023-11-13-19:44:44] - [DISCO] Select de validação na tabela DadosEstaticos
[2023-11-13-19:44:44] - [DISCO] Iniciando a validação da existência do dado estático no Banco
[2023-11-13-19:44:44] - [DISCO] Inserindo os dados estaticos no banco de dados
[2023-11-13-19:44:44] - [DISCO] Dados estaticos inseridos com sucesso!
[2023-11-13-19:44:44] - [REDE] Realizando a operação: REDE
[2023-11-13-19:44:44] - [REDE] Select de validação na tabela DadosEstaticos
[2023-11-13-19:44:44] - [REDE] Iniciando a validação da existência do dado estático no Banco
[2023-11-13-19:44:44] - [REDE] Dados ja existem no banco
[2023-11-13-19:44:44] - [REDE] Inserindo os dados dinamicos no banco de dados
[2023-11-13-19:44:44] - [REDE] Dados dinamicos inseridos com sucesso!
[2023-11-13-19:44:44] - [CPU] Realizando a operação: CPU
[2023-11-13-19:44:44] - [CPU] Select de validação na tabela DadosEstaticos
[2023-11-13-19:44:44] - [CPU] Iniciando a validação da existência do dado estático no Banco
[2023-11-13-19:44:44] - [CPU] Dados ja existem no banco
[2023-11-13-19:44:44] - [CPU] Inserindo os dados dinamicos no banco de dados
[2023-11-13-19:44:44] - [CPU] Dados dinamicos inseridos com sucesso!
[2023-11-13-19:44:47] - [CHEFWARE] Instanciando a conexão com o MySQL
[2023-11-13-19:44:47] - [CHEFWARE] Conectado com o banco de dados na url: jdbc:mysql://localhost:3306/chefware
[2023-11-13-19:44:49] - [MEMORIA] Realizando a operação: MEMÓRIA
[2023-11-13-19:44:49] - [MEMORIA] Select de validação na tabela DadosEstaticos
[2023-11-13-19:44:49] - [MEMORIA] Iniciando a validação da existência do dado estático no Banco
[2023-11-13-19:44:49] - [MEMORIA] Validação encerrada: true
[2023-11-13-19:44:49] - [MEMORIA] Inserindo os dados dinamicos no banco de dados
[2023-11-13-19:44:49] - [MEMORIA] Dados dinamicos inseridos com sucesso!
[2023-11-13-19:44:49] - [DISCO] Realizando a operação: DISCO
[2023-11-13-19:44:49] - [DISCO] Select de validação na tabela DadosEstaticos
[2023-11-13-19:44:49] - [DISCO] Iniciando a validação da existência do dado estático no Banco
[2023-11-13-19:44:49] - [DISCO] Inserindo os dados estaticos no banco de dados
[2023-11-13-19:44:49] - [DISCO] Dados estaticos inseridos com sucesso!
[2023-11-13-19:44:49] - [REDE] Realizando a operação: REDE
[2023-11-13-19:44:49] - [REDE] Select de validação na tabela DadosEstaticos
[2023-11-13-19:44:49] - [REDE] Iniciando a validação da existência do dado estático no Banco
[2023-11-13-19:44:49] - [REDE] Dados ja existem no banco
[2023-11-13-19:44:49] - [REDE] Inserindo os dados dinamicos no banco de dados
[2023-11-13-19:44:49] - [REDE] Dados dinamicos inseridos com sucesso!
[2023-11-13-19:44:49] - [CPU] Realizando a operação: CPU
[2023-11-13-19:44:49] - [CPU] Select de validação na tabela DadosEstaticos
[2023-11-13-19:44:49] - [CPU] Iniciando a validação da existência do dado estático no Banco
[2023-11-13-19:44:49] - [CPU] Dados ja existem no banco
[2023-11-13-19:44:49] - [CPU] Inserindo os dados dinamicos no banco de dados
[2023-11-13-19:44:49] - [CPU] Dados dinamicos inseridos com sucesso!
[2023-11-13-19:44:52] - [SERVER] Cliente conectado
[2023-11-13-19:44:52] - [SERVER] Comando recebido do cliente: bloquear
[2023-11-13-19:44:52] - [CHEFWARE] Instanciando a conexão com o MySQL
[2023-11-13-19:44:52] - [CHEFWARE] Conectado com o banco de dados na url: jdbc:mysql://localhost:3306/chefware
[2023-11-13-19:44:54] - [MEMORIA] Realizando a operação: MEMÓRIA
[2023-11-13-19:44:54] - [MEMORIA] Select de validação na tabela DadosEstaticos
[2023-11-13-19:44:54] - [MEMORIA] Iniciando a validação da existência do dado estático no Banco
[2023-11-13-19:44:54] - [MEMORIA] Validação encerrada: true
[2023-11-13-19:44:54] - [MEMORIA] Inserindo os dados dinamicos no banco de dados
[2023-11-13-19:44:54] - [MEMORIA] Dados dinamicos inseridos com sucesso!
[2023-11-13-19:44:54] - [DISCO] Realizando a operação: DISCO
[2023-11-13-19:44:54] - [DISCO] Select de validação na tabela DadosEstaticos
[2023-11-13-19:44:54] - [DISCO] Iniciando a validação da existência do dado estático no Banco
[2023-11-13-19:44:54] - [DISCO] Inserindo os dados estaticos no banco de dados
[2023-11-13-19:44:54] - [DISCO] Dados estaticos inseridos com sucesso!
[2023-11-13-19:44:54] - [REDE] Realizando a operação: REDE
[2023-11-13-19:44:54] - [REDE] Select de validação na tabela DadosEstaticos
[2023-11-13-19:44:54] - [REDE] Iniciando a validação da existência do dado estático no Banco
[2023-11-13-19:44:54] - [REDE] Dados ja existem no banco
[2023-11-13-19:44:54] - [REDE] Inserindo os dados dinamicos no banco de dados
[2023-11-13-19:44:54] - [REDE] Dados dinamicos inseridos com sucesso!
[2023-11-13-19:44:54] - [CPU] Realizando a operação: CPU
[2023-11-13-19:44:54] - [CPU] Select de validação na tabela DadosEstaticos
[2023-11-13-19:44:54] - [CPU] Iniciando a validação da existência do dado estático no Banco
[2023-11-13-19:44:54] - [CPU] Dados ja existem no banco
[2023-11-13-19:44:54] - [CPU] Inserindo os dados dinamicos no banco de dados
[2023-11-13-19:44:54] - [CPU] Dados dinamicos inseridos com sucesso!
[2023-11-13-19:44:57] - [CHEFWARE] Instanciando a conexão com o MySQL
[2023-11-13-19:44:57] - [CHEFWARE] Conectado com o banco de dados na url: jdbc:mysql://localhost:3306/chefware
[2023-11-13-19:44:59] - [MEMORIA] Realizando a operação: MEMÓRIA
[2023-11-13-19:44:59] - [MEMORIA] Select de validação na tabela DadosEstaticos
[2023-11-13-19:44:59] - [MEMORIA] Iniciando a validação da existência do dado estático no Banco
[2023-11-13-19:44:59] - [MEMORIA] Validação encerrada: true
[2023-11-13-19:44:59] - [MEMORIA] Inserindo os dados dinamicos no banco de dados
[2023-11-13-19:44:59] - [MEMORIA] Dados dinamicos inseridos com sucesso!
[2023-11-13-19:44:59] - [DISCO] Realizando a operação: DISCO
[2023-11-13-19:44:59] - [DISCO] Select de validação na tabela DadosEstaticos
[2023-11-13-19:44:59] - [DISCO] Iniciando a validação da existência do dado estático no Banco
[2023-11-13-19:44:59] - [DISCO] Inserindo os dados estaticos no banco de dados
[2023-11-13-19:44:59] - [DISCO] Dados estaticos inseridos com sucesso!
[2023-11-13-19:44:59] - [REDE] Realizando a operação: REDE
[2023-11-13-19:44:59] - [REDE] Select de validação na tabela DadosEstaticos
[2023-11-13-19:44:59] - [REDE] Iniciando a validação da existência do dado estático no Banco
[2023-11-13-19:44:59] - [REDE] Dados ja existem no banco
[2023-11-13-19:44:59] - [REDE] Inserindo os dados dinamicos no banco de dados
[2023-11-13-19:44:59] - [REDE] Dados dinamicos inseridos com sucesso!
[2023-11-13-19:44:59] - [CPU] Realizando a operação: CPU
[2023-11-13-19:44:59] - [CPU] Select de validação na tabela DadosEstaticos
[2023-11-13-19:44:59] - [CPU] Iniciando a validação da existência do dado estático no Banco
[2023-11-13-19:44:59] - [CPU] Dados ja existem no banco
[2023-11-13-19:44:59] - [CPU] Inserindo os dados dinamicos no banco de dados
[2023-11-13-19:44:59] - [CPU] Dados dinamicos inseridos com sucesso!
[2023-11-13-19:45:02] - [CHEFWARE] Instanciando a conexão com o MySQL
[2023-11-13-19:45:02] - [CHEFWARE] Conectado com o banco de dados na url: jdbc:mysql://localhost:3306/chefware
[2023-11-13-19:45:04] - [MEMORIA] Realizando a operação: MEMÓRIA
[2023-11-13-19:45:04] - [MEMORIA] Select de validação na tabela DadosEstaticos
[2023-11-13-19:45:04] - [MEMORIA] Iniciando a validação da existência do dado estático no Banco
[2023-11-13-19:45:04] - [MEMORIA] Validação encerrada: true
[2023-11-13-19:45:04] - [MEMORIA] Inserindo os dados dinamicos no banco de dados
[2023-11-13-19:45:04] - [MEMORIA] Dados dinamicos inseridos com sucesso!
[2023-11-13-19:45:04] - [DISCO] Realizando a operação: DISCO
[2023-11-13-19:45:04] - [DISCO] Select de validação na tabela DadosEstaticos
[2023-11-13-19:45:04] - [DISCO] Iniciando a validação da existência do dado estático no Banco
[2023-11-13-19:45:04] - [DISCO] Inserindo os dados estaticos no banco de dados
[2023-11-13-19:45:04] - [DISCO] Dados estaticos inseridos com sucesso!
[2023-11-13-19:45:04] - [REDE] Realizando a operação: REDE
[2023-11-13-19:45:04] - [REDE] Select de validação na tabela DadosEstaticos
[2023-11-13-19:45:04] - [REDE] Iniciando a validação da existência do dado estático no Banco
[2023-11-13-19:45:04] - [REDE] Dados ja existem no banco
[2023-11-13-19:45:04] - [REDE] Inserindo os dados dinamicos no banco de dados
[2023-11-13-19:45:04] - [REDE] Dados dinamicos inseridos com sucesso!
[2023-11-13-19:45:04] - [CPU] Realizando a operação: CPU
[2023-11-13-19:45:04] - [CPU] Select de validação na tabela DadosEstaticos
[2023-11-13-19:45:04] - [CPU] Iniciando a validação da existência do dado estático no Banco
[2023-11-13-19:45:04] - [CPU] Dados ja existem no banco
[2023-11-13-19:45:04] - [CPU] Inserindo os dados dinamicos no banco de dados
[2023-11-13-19:45:04] - [CPU] Dados dinamicos inseridos com sucesso!
[2023-11-13-19:45:07] - [CHEFWARE] Instanciando a conexão com o MySQL
[2023-11-13-19:45:07] - [CHEFWARE] Conectado com o banco de dados na url: jdbc:mysql://localhost:3306/chefware
[2023-11-13-19:45:09] - [MEMORIA] Realizando a operação: MEMÓRIA
[2023-11-13-19:45:09] - [MEMORIA] Select de validação na tabela DadosEstaticos
[2023-11-13-19:45:09] - [MEMORIA] Iniciando a validação da existência do dado estático no Banco
[2023-11-13-19:45:09] - [MEMORIA] Validação encerrada: true
[2023-11-13-19:45:09] - [MEMORIA] Inserindo os dados dinamicos no banco de dados
[2023-11-13-19:45:09] - [MEMORIA] Dados dinamicos inseridos com sucesso!
[2023-11-13-19:45:09] - [DISCO] Realizando a operação: DISCO
[2023-11-13-19:45:09] - [DISCO] Select de validação na tabela DadosEstaticos
[2023-11-13-19:45:09] - [DISCO] Iniciando a validação da existência do dado estático no Banco
[2023-11-13-19:45:09] - [DISCO] Inserindo os dados estaticos no banco de dados
[2023-11-13-19:45:09] - [DISCO] Dados estaticos inseridos com sucesso!
[2023-11-13-19:45:09] - [REDE] Realizando a operação: REDE
[2023-11-13-19:45:09] - [REDE] Select de validação na tabela DadosEstaticos
[2023-11-13-19:45:09] - [REDE] Iniciando a validação da existência do dado estático no Banco
[2023-11-13-19:45:09] - [REDE] Dados ja existem no banco
[2023-11-13-19:45:09] - [REDE] Inserindo os dados dinamicos no banco de dados
[2023-11-13-19:45:09] - [REDE] Dados dinamicos inseridos com sucesso!
[2023-11-13-19:45:09] - [CPU] Realizando a operação: CPU
[2023-11-13-19:45:09] - [CPU] Select de validação na tabela DadosEstaticos
[2023-11-13-19:45:09] - [CPU] Iniciando a validação da existência do dado estático no Banco
[2023-11-13-19:45:09] - [CPU] Dados ja existem no banco
[2023-11-13-19:45:09] - [CPU] Inserindo os dados dinamicos no banco de dados
[2023-11-13-19:45:09] - [CPU] Dados dinamicos inseridos com sucesso!
[2023-11-13-19:45:12] - [CHEFWARE] Instanciando a conexão com o MySQL
[2023-11-13-19:45:12] - [CHEFWARE] Conectado com o banco de dados na url: jdbc:mysql://localhost:3306/chefware
[2023-11-13-19:45:14] - [MEMORIA] Realizando a operação: MEMÓRIA
[2023-11-13-19:45:14] - [MEMORIA] Select de validação na tabela DadosEstaticos
[2023-11-13-19:45:14] - [MEMORIA] Iniciando a validação da existência do dado estático no Banco
[2023-11-13-19:45:14] - [MEMORIA] Validação encerrada: true
[2023-11-13-19:45:14] - [MEMORIA] Inserindo os dados dinamicos no banco de dados
[2023-11-13-19:45:14] - [MEMORIA] Dados dinamicos inseridos com sucesso!
[2023-11-13-19:45:14] - [DISCO] Realizando a operação: DISCO
[2023-11-13-19:45:14] - [DISCO] Select de validação na tabela DadosEstaticos
[2023-11-13-19:45:14] - [DISCO] Iniciando a validação da existência do dado estático no Banco
[2023-11-13-19:45:14] - [DISCO] Inserindo os dados estaticos no banco de dados
[2023-11-13-19:45:14] - [DISCO] Dados estaticos inseridos com sucesso!
[2023-11-13-19:45:14] - [REDE] Realizando a operação: REDE
[2023-11-13-19:45:14] - [REDE] Select de validação na tabela DadosEstaticos
[2023-11-13-19:45:14] - [REDE] Iniciando a validação da existência do dado estático no Banco
[2023-11-13-19:45:14] - [REDE] Dados ja existem no banco
[2023-11-13-19:45:14] - [REDE] Inserindo os dados dinamicos no banco de dados
[2023-11-13-19:45:14] - [REDE] Dados dinamicos inseridos com sucesso!
[2023-11-13-19:45:14] - [CPU] Realizando a operação: CPU
[2023-11-13-19:45:14] - [CPU] Select de validação na tabela DadosEstaticos
[2023-11-13-19:45:14] - [CPU] Iniciando a validação da existência do dado estático no Banco
[2023-11-13-19:45:14] - [CPU] Dados ja existem no banco
[2023-11-13-19:45:14] - [CPU] Inserindo os dados dinamicos no banco de dados
[2023-11-13-19:45:14] - [CPU] Dados dinamicos inseridos com sucesso!
[2023-11-13-19:45:17] - [CHEFWARE] Instanciando a conexão com o MySQL
[2023-11-13-19:45:17] - [CHEFWARE] Conectado com o banco de dados na url: jdbc:mysql://localhost:3306/chefware
[2023-11-13-19:45:18] - [SERVER] Cliente conectado
[2023-11-13-19:45:18] - [SERVER] Comando recebido do cliente: bloquear
[2023-11-13-19:45:19] - [MEMORIA] Realizando a operação: MEMÓRIA
[2023-11-13-19:45:19] - [MEMORIA] Select de validação na tabela DadosEstaticos
[2023-11-13-19:45:19] - [MEMORIA] Iniciando a validação da existência do dado estático no Banco
[2023-11-13-19:45:19] - [MEMORIA] Validação encerrada: true
[2023-11-13-19:45:19] - [MEMORIA] Inserindo os dados dinamicos no banco de dados
[2023-11-13-19:45:19] - [MEMORIA] Dados dinamicos inseridos com sucesso!
[2023-11-13-19:45:19] - [DISCO] Realizando a operação: DISCO
[2023-11-13-19:45:19] - [DISCO] Select de validação na tabela DadosEstaticos
[2023-11-13-19:45:19] - [DISCO] Iniciando a validação da existência do dado estático no Banco
[2023-11-13-19:45:19] - [DISCO] Inserindo os dados estaticos no banco de dados
[2023-11-13-19:45:19] - [DISCO] Dados estaticos inseridos com sucesso!
[2023-11-13-19:45:19] - [REDE] Realizando a operação: REDE
[2023-11-13-19:45:19] - [REDE] Select de validação na tabela DadosEstaticos
[2023-11-13-19:45:19] - [REDE] Iniciando a validação da existência do dado estático no Banco
[2023-11-13-19:45:19] - [REDE] Dados ja existem no banco
[2023-11-13-19:45:19] - [REDE] Inserindo os dados dinamicos no banco de dados
[2023-11-13-19:45:19] - [REDE] Dados dinamicos inseridos com sucesso!
[2023-11-13-19:45:19] - [CPU] Realizando a operação: CPU
[2023-11-13-19:45:19] - [CPU] Select de validação na tabela DadosEstaticos
[2023-11-13-19:45:19] - [CPU] Iniciando a validação da existência do dado estático no Banco
[2023-11-13-19:45:19] - [CPU] Dados ja existem no banco
[2023-11-13-19:45:19] - [CPU] Inserindo os dados dinamicos no banco de dados
[2023-11-13-19:45:19] - [CPU] Dados dinamicos inseridos com sucesso!
[2023-11-13-19:45:22] - [CHEFWARE] Instanciando a conexão com o MySQL
[2023-11-13-19:45:22] - [CHEFWARE] Conectado com o banco de dados na url: jdbc:mysql://localhost:3306/chefware
[2023-11-13-19:45:24] - [MEMORIA] Realizando a operação: MEMÓRIA
[2023-11-13-19:45:24] - [MEMORIA] Select de validação na tabela DadosEstaticos
[2023-11-13-19:45:24] - [MEMORIA] Iniciando a validação da existência do dado estático no Banco
[2023-11-13-19:45:24] - [MEMORIA] Validação encerrada: true
[2023-11-13-19:45:24] - [MEMORIA] Inserindo os dados dinamicos no banco de dados
[2023-11-13-19:45:24] - [MEMORIA] Dados dinamicos inseridos com sucesso!
[2023-11-13-19:45:24] - [DISCO] Realizando a operação: DISCO
[2023-11-13-19:45:24] - [DISCO] Select de validação na tabela DadosEstaticos
[2023-11-13-19:45:24] - [DISCO] Iniciando a validação da existência do dado estático no Banco
[2023-11-13-19:45:24] - [DISCO] Inserindo os dados estaticos no banco de dados
[2023-11-13-19:45:24] - [DISCO] Dados estaticos inseridos com sucesso!
[2023-11-13-19:45:24] - [REDE] Realizando a operação: REDE
[2023-11-13-19:45:24] - [REDE] Select de validação na tabela DadosEstaticos
[2023-11-13-19:45:24] - [REDE] Iniciando a validação da existência do dado estático no Banco
[2023-11-13-19:45:24] - [REDE] Dados ja existem no banco
[2023-11-13-19:45:24] - [REDE] Inserindo os dados dinamicos no banco de dados
[2023-11-13-19:45:24] - [REDE] Dados dinamicos inseridos com sucesso!
[2023-11-13-19:45:24] - [CPU] Realizando a operação: CPU
[2023-11-13-19:45:24] - [CPU] Select de validação na tabela DadosEstaticos
[2023-11-13-19:45:24] - [CPU] Iniciando a validação da existência do dado estático no Banco
[2023-11-13-19:45:24] - [CPU] Dados ja existem no banco
[2023-11-13-19:45:24] - [CPU] Inserindo os dados dinamicos no banco de dados
[2023-11-13-19:45:24] - [CPU] Dados dinamicos inseridos com sucesso!
[2023-11-13-19:45:27] - [CHEFWARE] Instanciando a conexão com o MySQL
[2023-11-13-19:45:27] - [CHEFWARE] Conectado com o banco de dados na url: jdbc:mysql://localhost:3306/chefware
[2023-11-13-19:45:29] - [MEMORIA] Realizando a operação: MEMÓRIA
[2023-11-13-19:45:29] - [MEMORIA] Select de validação na tabela DadosEstaticos
[2023-11-13-19:45:29] - [MEMORIA] Iniciando a validação da existência do dado estático no Banco
[2023-11-13-19:45:29] - [MEMORIA] Validação encerrada: true
[2023-11-13-19:45:29] - [MEMORIA] Inserindo os dados dinamicos no banco de dados
[2023-11-13-19:45:29] - [MEMORIA] Dados dinamicos inseridos com sucesso!
[2023-11-13-19:45:29] - [DISCO] Realizando a operação: DISCO
[2023-11-13-19:45:29] - [DISCO] Select de validação na tabela DadosEstaticos
[2023-11-13-19:45:29] - [DISCO] Iniciando a validação da existência do dado estático no Banco
[2023-11-13-19:45:29] - [DISCO] Inserindo os dados estaticos no banco de dados
[2023-11-13-19:45:29] - [DISCO] Dados estaticos inseridos com sucesso!
[2023-11-13-19:45:29] - [REDE] Realizando a operação: REDE
[2023-11-13-19:45:29] - [REDE] Select de validação na tabela DadosEstaticos
[2023-11-13-19:45:29] - [REDE] Iniciando a validação da existência do dado estático no Banco
[2023-11-13-19:45:29] - [REDE] Dados ja existem no banco
[2023-11-13-19:45:29] - [REDE] Inserindo os dados dinamicos no banco de dados
[2023-11-13-19:45:29] - [REDE] Dados dinamicos inseridos com sucesso!
[2023-11-13-19:45:29] - [CPU] Realizando a operação: CPU
[2023-11-13-19:45:29] - [CPU] Select de validação na tabela DadosEstaticos
[2023-11-13-19:45:29] - [CPU] Iniciando a validação da existência do dado estático no Banco
[2023-11-13-19:45:29] - [CPU] Dados ja existem no banco
[2023-11-13-19:45:29] - [CPU] Inserindo os dados dinamicos no banco de dados
[2023-11-13-19:45:29] - [CPU] Dados dinamicos inseridos com sucesso!
[2023-11-13-19:45:32] - [CHEFWARE] Instanciando a conexão com o MySQL
[2023-11-13-19:45:32] - [CHEFWARE] Conectado com o banco de dados na url: jdbc:mysql://localhost:3306/chefware
[2023-11-13-19:45:34] - [MEMORIA] Realizando a operação: MEMÓRIA
[2023-11-13-19:45:34] - [MEMORIA] Select de validação na tabela DadosEstaticos
[2023-11-13-19:45:34] - [MEMORIA] Iniciando a validação da existência do dado estático no Banco
[2023-11-13-19:45:34] - [MEMORIA] Validação encerrada: true
[2023-11-13-19:45:34] - [MEMORIA] Inserindo os dados dinamicos no banco de dados
[2023-11-13-19:45:34] - [MEMORIA] Dados dinamicos inseridos com sucesso!
[2023-11-13-19:45:34] - [DISCO] Realizando a operação: DISCO
[2023-11-13-19:45:34] - [DISCO] Select de validação na tabela DadosEstaticos
[2023-11-13-19:45:34] - [DISCO] Iniciando a validação da existência do dado estático no Banco
[2023-11-13-19:45:34] - [DISCO] Inserindo os dados estaticos no banco de dados
[2023-11-13-19:45:34] - [DISCO] Dados estaticos inseridos com sucesso!
[2023-11-13-19:45:34] - [REDE] Realizando a operação: REDE
[2023-11-13-19:45:34] - [REDE] Select de validação na tabela DadosEstaticos
[2023-11-13-19:45:34] - [REDE] Iniciando a validação da existência do dado estático no Banco
[2023-11-13-19:45:34] - [REDE] Dados ja existem no banco
[2023-11-13-19:45:34] - [REDE] Inserindo os dados dinamicos no banco de dados
[2023-11-13-19:45:34] - [REDE] Dados dinamicos inseridos com sucesso!
[2023-11-13-19:45:34] - [CPU] Realizando a operação: CPU
[2023-11-13-19:45:34] - [CPU] Select de validação na tabela DadosEstaticos
[2023-11-13-19:45:34] - [CPU] Iniciando a validação da existência do dado estático no Banco
[2023-11-13-19:45:34] - [CPU] Dados ja existem no banco
[2023-11-13-19:45:34] - [CPU] Inserindo os dados dinamicos no banco de dados
[2023-11-13-19:45:34] - [CPU] Dados dinamicos inseridos com sucesso!
[2023-11-13-19:45:37] - [CHEFWARE] Instanciando a conexão com o MySQL
[2023-11-13-19:45:37] - [CHEFWARE] Conectado com o banco de dados na url: jdbc:mysql://localhost:3306/chefware
[2023-11-13-19:45:39] - [MEMORIA] Realizando a operação: MEMÓRIA
[2023-11-13-19:45:39] - [MEMORIA] Select de validação na tabela DadosEstaticos
[2023-11-13-19:45:39] - [MEMORIA] Iniciando a validação da existência do dado estático no Banco
[2023-11-13-19:45:39] - [MEMORIA] Validação encerrada: true
[2023-11-13-19:45:39] - [MEMORIA] Inserindo os dados dinamicos no banco de dados
[2023-11-13-19:45:39] - [MEMORIA] Dados dinamicos inseridos com sucesso!
[2023-11-13-19:45:39] - [DISCO] Realizando a operação: DISCO
[2023-11-13-19:45:39] - [DISCO] Select de validação na tabela DadosEstaticos
[2023-11-13-19:45:39] - [DISCO] Iniciando a validação da existência do dado estático no Banco
[2023-11-13-19:45:39] - [DISCO] Inserindo os dados estaticos no banco de dados
[2023-11-13-19:45:39] - [DISCO] Dados estaticos inseridos com sucesso!
[2023-11-13-19:45:39] - [REDE] Realizando a operação: REDE
[2023-11-13-19:45:39] - [REDE] Select de validação na tabela DadosEstaticos
[2023-11-13-19:45:39] - [REDE] Iniciando a validação da existência do dado estático no Banco
[2023-11-13-19:45:39] - [REDE] Dados ja existem no banco
[2023-11-13-19:45:39] - [REDE] Inserindo os dados dinamicos no banco de dados
[2023-11-13-19:45:39] - [REDE] Dados dinamicos inseridos com sucesso!
[2023-11-13-19:45:39] - [CPU] Realizando a operação: CPU
[2023-11-13-19:45:39] - [CPU] Select de validação na tabela DadosEstaticos
[2023-11-13-19:45:39] - [CPU] Iniciando a validação da existência do dado estático no Banco
[2023-11-13-19:45:39] - [CPU] Dados ja existem no banco
[2023-11-13-19:45:39] - [CPU] Inserindo os dados dinamicos no banco de dados
[2023-11-13-19:45:39] - [CPU] Dados dinamicos inseridos com sucesso!
[2023-11-13-19:45:42] - [CHEFWARE] Instanciando a conexão com o MySQL
[2023-11-13-19:45:42] - [CHEFWARE] Conectado com o banco de dados na url: jdbc:mysql://localhost:3306/chefware
[2023-11-13-19:45:44] - [MEMORIA] Realizando a operação: MEMÓRIA
[2023-11-13-19:45:44] - [MEMORIA] Select de validação na tabela DadosEstaticos
[2023-11-13-19:45:44] - [MEMORIA] Iniciando a validação da existência do dado estático no Banco
[2023-11-13-19:45:44] - [MEMORIA] Validação encerrada: true
[2023-11-13-19:45:44] - [MEMORIA] Inserindo os dados dinamicos no banco de dados
[2023-11-13-19:45:44] - [MEMORIA] Dados dinamicos inseridos com sucesso!
[2023-11-13-19:45:44] - [DISCO] Realizando a operação: DISCO
[2023-11-13-19:45:44] - [DISCO] Select de validação na tabela DadosEstaticos
[2023-11-13-19:45:44] - [DISCO] Iniciando a validação da existência do dado estático no Banco
[2023-11-13-19:45:44] - [DISCO] Inserindo os dados estaticos no banco de dados
[2023-11-13-19:45:44] - [DISCO] Dados estaticos inseridos com sucesso!
[2023-11-13-19:45:44] - [REDE] Realizando a operação: REDE
[2023-11-13-19:45:44] - [REDE] Select de validação na tabela DadosEstaticos
[2023-11-13-19:45:44] - [REDE] Iniciando a validação da existência do dado estático no Banco
[2023-11-13-19:45:44] - [REDE] Dados ja existem no banco
[2023-11-13-19:45:44] - [REDE] Inserindo os dados dinamicos no banco de dados
[2023-11-13-19:45:44] - [REDE] Dados dinamicos inseridos com sucesso!
[2023-11-13-19:45:44] - [CPU] Realizando a operação: CPU
[2023-11-13-19:45:44] - [CPU] Select de validação na tabela DadosEstaticos
[2023-11-13-19:45:44] - [CPU] Iniciando a validação da existência do dado estático no Banco
[2023-11-13-19:45:44] - [CPU] Dados ja existem no banco
[2023-11-13-19:45:44] - [CPU] Inserindo os dados dinamicos no banco de dados
[2023-11-13-19:45:44] - [CPU] Dados dinamicos inseridos com sucesso!
[2023-11-13-19:45:46] - [SERVER] Cliente conectado
[2023-11-13-19:45:46] - [SERVER] Comando recebido do cliente: bloquear
[2023-11-13-19:45:47] - [CHEFWARE] Instanciando a conexão com o MySQL
[2023-11-13-19:45:47] - [CHEFWARE] Conectado com o banco de dados na url: jdbc:mysql://localhost:3306/chefware
[2023-11-13-19:45:49] - [MEMORIA] Realizando a operação: MEMÓRIA
[2023-11-13-19:45:49] - [MEMORIA] Select de validação na tabela DadosEstaticos
[2023-11-13-19:45:49] - [MEMORIA] Iniciando a validação da existência do dado estático no Banco
[2023-11-13-19:45:49] - [MEMORIA] Validação encerrada: true
[2023-11-13-19:45:49] - [MEMORIA] Inserindo os dados dinamicos no banco de dados
[2023-11-13-19:45:49] - [MEMORIA] Dados dinamicos inseridos com sucesso!
[2023-11-13-19:45:49] - [DISCO] Realizando a operação: DISCO
[2023-11-13-19:45:49] - [DISCO] Select de validação na tabela DadosEstaticos
[2023-11-13-19:45:49] - [DISCO] Iniciando a validação da existência do dado estático no Banco
[2023-11-13-19:45:49] - [DISCO] Inserindo os dados estaticos no banco de dados
[2023-11-13-19:45:49] - [DISCO] Dados estaticos inseridos com sucesso!
[2023-11-13-19:45:49] - [REDE] Realizando a operação: REDE
[2023-11-13-19:45:49] - [REDE] Select de validação na tabela DadosEstaticos
[2023-11-13-19:45:49] - [REDE] Iniciando a validação da existência do dado estático no Banco
[2023-11-13-19:45:49] - [REDE] Dados ja existem no banco
[2023-11-13-19:45:49] - [REDE] Inserindo os dados dinamicos no banco de dados
[2023-11-13-19:45:49] - [REDE] Dados dinamicos inseridos com sucesso!
[2023-11-13-19:45:49] - [CPU] Realizando a operação: CPU
[2023-11-13-19:45:49] - [CPU] Select de validação na tabela DadosEstaticos
[2023-11-13-19:45:49] - [CPU] Iniciando a validação da existência do dado estático no Banco
[2023-11-13-19:45:49] - [CPU] Dados ja existem no banco
[2023-11-13-19:45:49] - [CPU] Inserindo os dados dinamicos no banco de dados
[2023-11-13-19:45:49] - [CPU] Dados dinamicos inseridos com sucesso!
[2023-11-13-19:45:52] - [CHEFWARE] Instanciando a conexão com o MySQL
[2023-11-13-19:45:52] - [CHEFWARE] Conectado com o banco de dados na url: jdbc:mysql://localhost:3306/chefware
[2023-11-13-19:45:54] - [MEMORIA] Realizando a operação: MEMÓRIA
[2023-11-13-19:45:54] - [MEMORIA] Select de validação na tabela DadosEstaticos
[2023-11-13-19:45:54] - [MEMORIA] Iniciando a validação da existência do dado estático no Banco
[2023-11-13-19:45:54] - [MEMORIA] Validação encerrada: true
[2023-11-13-19:45:54] - [MEMORIA] Inserindo os dados dinamicos no banco de dados
[2023-11-13-19:45:54] - [MEMORIA] Dados dinamicos inseridos com sucesso!
[2023-11-13-19:45:54] - [DISCO] Realizando a operação: DISCO
[2023-11-13-19:45:54] - [DISCO] Select de validação na tabela DadosEstaticos
[2023-11-13-19:45:54] - [DISCO] Iniciando a validação da existência do dado estático no Banco
[2023-11-13-19:45:54] - [DISCO] Inserindo os dados estaticos no banco de dados
[2023-11-13-19:45:54] - [DISCO] Dados estaticos inseridos com sucesso!
[2023-11-13-19:45:54] - [REDE] Realizando a operação: REDE
[2023-11-13-19:45:54] - [REDE] Select de validação na tabela DadosEstaticos
[2023-11-13-19:45:54] - [REDE] Iniciando a validação da existência do dado estático no Banco
[2023-11-13-19:45:54] - [REDE] Dados ja existem no banco
[2023-11-13-19:45:54] - [REDE] Inserindo os dados dinamicos no banco de dados
[2023-11-13-19:45:54] - [REDE] Dados dinamicos inseridos com sucesso!
[2023-11-13-19:45:54] - [CPU] Realizando a operação: CPU
[2023-11-13-19:45:54] - [CPU] Select de validação na tabela DadosEstaticos
[2023-11-13-19:45:54] - [CPU] Iniciando a validação da existência do dado estático no Banco
[2023-11-13-19:45:54] - [CPU] Dados ja existem no banco
[2023-11-13-19:45:54] - [CPU] Inserindo os dados dinamicos no banco de dados
[2023-11-13-19:45:54] - [CPU] Dados dinamicos inseridos com sucesso!
[2023-11-13-19:45:57] - [CHEFWARE] Instanciando a conexão com o MySQL
[2023-11-13-19:45:57] - [CHEFWARE] Conectado com o banco de dados na url: jdbc:mysql://localhost:3306/chefware
