[2023-11-13-19:36:55] - [CHEFWARE] Inicializando a aplicação Chefware
[2023-11-13-19:36:57] - [SERVER] Inicializando o servidor Socket
[2023-11-13-19:36:57] - [SERVER] Servidor socket iniciado com sucesso na porta 4000
[2023-11-13-19:37:02] - [CHEFWARE] Instanciando a conexão com o MySQL
[2023-11-13-19:37:02] - [CHEFWARE] Conectado com o banco de dados na url: jdbc:mysql://localhost:3306/chefware
[2023-11-13-19:37:04] - [MEMORIA] Realizando a operação: MEMÓRIA
[2023-11-13-19:37:04] - [MEMORIA] Select de validação na tabela DadosEstaticos
[2023-11-13-19:37:05] - [MEMORIA] Iniciando a validação da existência do dado estático no Banco
[2023-11-13-19:37:05] - [MEMORIA] Validação encerrada: true
[2023-11-13-19:37:05] - [MEMORIA] Inserindo os dados dinamicos no banco de dados
[2023-11-13-19:37:05] - [MEMORIA] Dados dinamicos inseridos com sucesso!
[2023-11-13-19:37:05] - [DISCO] Realizando a operação: DISCO
[2023-11-13-19:37:05] - [DISCO] Select de validação na tabela DadosEstaticos
[2023-11-13-19:37:05] - [DISCO] Iniciando a validação da existência do dado estático no Banco
[2023-11-13-19:37:05] - [DISCO] Inserindo os dados estaticos no banco de dados
[2023-11-13-19:37:05] - [DISCO] Dados estaticos inseridos com sucesso!
[2023-11-13-19:37:05] - [REDE] Realizando a operação: DISCO
[2023-11-13-19:37:05] - [REDE] Select de validação na tabela DadosEstaticos
[2023-11-13-19:37:05] - [REDE] Iniciando a validação da existência do dado estático no Banco
[2023-11-13-19:37:05] - [REDE] Dados ja existem no banco
[2023-11-13-19:37:05] - [REDE] Inserindo os dados dinamicos no banco de dados
[2023-11-13-19:37:05] - [REDE] Dados dinamicos inseridos com sucesso!
[2023-11-13-19:37:05] - [CPU]Realizando a operação: DISCO
[2023-11-13-19:37:05] - [CPU] Select de validação na tabela DadosEstaticos
[2023-11-13-19:37:05] - [CPU] Iniciando a validação da existência do dado estático no Banco
[2023-11-13-19:37:05] - [CPU] Dados ja existem no banco
[2023-11-13-19:37:05] - [CPU] Inserindo os dados dinamicos no banco de dados
[2023-11-13-19:37:05] - [CPU] Dados dinamicos inseridos com sucesso!
[2023-11-13-19:37:07] - [CHEFWARE] Instanciando a conexão com o MySQL
[2023-11-13-19:37:07] - [CHEFWARE] Conectado com o banco de dados na url: jdbc:mysql://localhost:3306/chefware
[2023-11-13-19:37:09] - [MEMORIA] Realizando a operação: MEMÓRIA
[2023-11-13-19:37:09] - [MEMORIA] Select de validação na tabela DadosEstaticos
[2023-11-13-19:37:09] - [MEMORIA] Iniciando a validação da existência do dado estático no Banco
[2023-11-13-19:37:09] - [MEMORIA] Validação encerrada: true
[2023-11-13-19:37:09] - [MEMORIA] Inserindo os dados dinamicos no banco de dados
[2023-11-13-19:37:09] - [MEMORIA] Dados dinamicos inseridos com sucesso!
[2023-11-13-19:37:09] - [DISCO] Realizando a operação: DISCO
[2023-11-13-19:37:09] - [DISCO] Select de validação na tabela DadosEstaticos
[2023-11-13-19:37:09] - [DISCO] Iniciando a validação da existência do dado estático no Banco
[2023-11-13-19:37:09] - [DISCO] Inserindo os dados estaticos no banco de dados
[2023-11-13-19:37:09] - [DISCO] Dados estaticos inseridos com sucesso!
[2023-11-13-19:37:09] - [REDE] Realizando a operação: DISCO
[2023-11-13-19:37:09] - [REDE] Select de validação na tabela DadosEstaticos
[2023-11-13-19:37:09] - [REDE] Iniciando a validação da existência do dado estático no Banco
[2023-11-13-19:37:09] - [REDE] Dados ja existem no banco
[2023-11-13-19:37:09] - [REDE] Inserindo os dados dinamicos no banco de dados
[2023-11-13-19:37:09] - [REDE] Dados dinamicos inseridos com sucesso!
[2023-11-13-19:37:09] - [CPU]Realizando a operação: DISCO
[2023-11-13-19:37:09] - [CPU] Select de validação na tabela DadosEstaticos
[2023-11-13-19:37:09] - [CPU] Iniciando a validação da existência do dado estático no Banco
[2023-11-13-19:37:09] - [CPU] Dados ja existem no banco
[2023-11-13-19:37:09] - [CPU] Inserindo os dados dinamicos no banco de dados
[2023-11-13-19:37:09] - [CPU] Dados dinamicos inseridos com sucesso!
[2023-11-13-19:37:12] - [CHEFWARE] Instanciando a conexão com o MySQL
[2023-11-13-19:37:12] - [CHEFWARE] Conectado com o banco de dados na url: jdbc:mysql://localhost:3306/chefware
[2023-11-13-19:37:14] - [MEMORIA] Realizando a operação: MEMÓRIA
[2023-11-13-19:37:14] - [MEMORIA] Select de validação na tabela DadosEstaticos
[2023-11-13-19:37:14] - [MEMORIA] Iniciando a validação da existência do dado estático no Banco
[2023-11-13-19:37:14] - [MEMORIA] Validação encerrada: true
[2023-11-13-19:37:14] - [MEMORIA] Inserindo os dados dinamicos no banco de dados
[2023-11-13-19:37:14] - [MEMORIA] Dados dinamicos inseridos com sucesso!
[2023-11-13-19:37:14] - [DISCO] Realizando a operação: DISCO
[2023-11-13-19:37:14] - [DISCO] Select de validação na tabela DadosEstaticos
[2023-11-13-19:37:14] - [DISCO] Iniciando a validação da existência do dado estático no Banco
[2023-11-13-19:37:14] - [DISCO] Inserindo os dados estaticos no banco de dados
[2023-11-13-19:37:14] - [DISCO] Dados estaticos inseridos com sucesso!
[2023-11-13-19:37:14] - [REDE] Realizando a operação: DISCO
[2023-11-13-19:37:14] - [REDE] Select de validação na tabela DadosEstaticos
[2023-11-13-19:37:14] - [REDE] Iniciando a validação da existência do dado estático no Banco
[2023-11-13-19:37:14] - [REDE] Dados ja existem no banco
[2023-11-13-19:37:14] - [REDE] Inserindo os dados dinamicos no banco de dados
[2023-11-13-19:37:14] - [REDE] Dados dinamicos inseridos com sucesso!
[2023-11-13-19:37:14] - [CPU]Realizando a operação: DISCO
[2023-11-13-19:37:14] - [CPU] Select de validação na tabela DadosEstaticos
[2023-11-13-19:37:14] - [CPU] Iniciando a validação da existência do dado estático no Banco
[2023-11-13-19:37:14] - [CPU] Dados ja existem no banco
[2023-11-13-19:37:14] - [CPU] Inserindo os dados dinamicos no banco de dados
[2023-11-13-19:37:14] - [CPU] Dados dinamicos inseridos com sucesso!
